<?xml version="1.0" encoding="UTF-8"?>
<testng-results ignored="0" total="4" passed="4" failed="0" skipped="0">
  <reporter-output>
  </reporter-output>
  <suite started-at="2022-08-09T12:56:16 IST" name="Suite" finished-at="2022-08-09T12:56:39 IST" duration-ms="22874">
    <groups>
    </groups>
    <test started-at="2022-08-09T12:56:16 IST" name="Test" finished-at="2022-08-09T12:56:23 IST" duration-ms="7206">
      <class name="testClass.TC02_VerifyLogOutUser">
        <test-method is-config="true" signature="setUp(java.lang.String)[pri:0, instance:testClass.TC02_VerifyLogOutUser@15bbf42f]" started-at="2022-08-09T12:56:16 IST" name="setUp" finished-at="2022-08-09T12:56:19 IST" duration-ms="3447" status="PASS">
          <params>
            <param index="0">
              <value>
                <![CDATA[chrome]]>
              </value>
            </param>
          </params>
          <reporter-output>
          </reporter-output>
        </test-method> <!-- setUp -->
        <test-method signature="userLoggedOut()[pri:0, instance:testClass.TC02_VerifyLogOutUser@15bbf42f]" started-at="2022-08-09T12:56:19 IST" name="userLoggedOut" finished-at="2022-08-09T12:56:19 IST" duration-ms="170" status="PASS">
          <reporter-output>
          </reporter-output>
        </test-method> <!-- userLoggedOut -->
        <test-method is-config="true" signature="tearDrop()[pri:0, instance:testClass.TC02_VerifyLogOutUser@15bbf42f]" started-at="2022-08-09T12:56:19 IST" name="tearDrop" finished-at="2022-08-09T12:56:20 IST" duration-ms="191" status="PASS">
          <reporter-output>
          </reporter-output>
        </test-method> <!-- tearDrop -->
      </class> <!-- testClass.TC02_VerifyLogOutUser -->
      <class name="testClass.TC01_VerifyLoginUserSauceDemo">
        <test-method is-config="true" signature="setUp(java.lang.String)[pri:0, instance:testClass.TC01_VerifyLoginUserSauceDemo@25084a1e]" started-at="2022-08-09T12:56:20 IST" name="setUp" finished-at="2022-08-09T12:56:23 IST" duration-ms="3185" status="PASS">
          <params>
            <param index="0">
              <value>
                <![CDATA[chrome]]>
              </value>
            </param>
          </params>
          <reporter-output>
          </reporter-output>
        </test-method> <!-- setUp -->
        <test-method signature="userLogin()[pri:0, instance:testClass.TC01_VerifyLoginUserSauceDemo@25084a1e]" started-at="2022-08-09T12:56:23 IST" name="userLogin" finished-at="2022-08-09T12:56:23 IST" duration-ms="6" status="PASS">
          <reporter-output>
          </reporter-output>
        </test-method> <!-- userLogin -->
        <test-method is-config="true" signature="tearDrop()[pri:0, instance:testClass.TC01_VerifyLoginUserSauceDemo@25084a1e]" started-at="2022-08-09T12:56:23 IST" name="tearDrop" finished-at="2022-08-09T12:56:23 IST" duration-ms="169" status="PASS">
          <reporter-output>
          </reporter-output>
        </test-method> <!-- tearDrop -->
      </class> <!-- testClass.TC01_VerifyLoginUserSauceDemo -->
    </test> <!-- Test -->
    <test started-at="2022-08-09T12:56:23 IST" name="Test1" finished-at="2022-08-09T12:56:39 IST" duration-ms="15629">
      <class name="testClass.TC02_VerifyLogOutUser">
        <test-method is-config="true" signature="setUp(java.lang.String)[pri:0, instance:testClass.TC02_VerifyLogOutUser@209da20d]" started-at="2022-08-09T12:56:23 IST" name="setUp" finished-at="2022-08-09T12:56:31 IST" duration-ms="8396" status="PASS">
          <params>
            <param index="0">
              <value>
                <![CDATA[firefox]]>
              </value>
            </param>
          </params>
          <reporter-output>
          </reporter-output>
        </test-method> <!-- setUp -->
        <test-method signature="userLoggedOut()[pri:0, instance:testClass.TC02_VerifyLogOutUser@209da20d]" started-at="2022-08-09T12:56:31 IST" name="userLoggedOut" finished-at="2022-08-09T12:56:32 IST" duration-ms="456" status="PASS">
          <reporter-output>
          </reporter-output>
        </test-method> <!-- userLoggedOut -->
        <test-method is-config="true" signature="tearDrop()[pri:0, instance:testClass.TC02_VerifyLogOutUser@209da20d]" started-at="2022-08-09T12:56:32 IST" name="tearDrop" finished-at="2022-08-09T12:56:33 IST" duration-ms="1048" status="PASS">
          <reporter-output>
          </reporter-output>
        </test-method> <!-- tearDrop -->
      </class> <!-- testClass.TC02_VerifyLogOutUser -->
      <class name="testClass.TC01_VerifyLoginUserSauceDemo">
        <test-method is-config="true" signature="setUp(java.lang.String)[pri:0, instance:testClass.TC01_VerifyLoginUserSauceDemo@e15b7e8]" started-at="2022-08-09T12:56:33 IST" name="setUp" finished-at="2022-08-09T12:56:38 IST" duration-ms="4827" status="PASS">
          <params>
            <param index="0">
              <value>
                <![CDATA[firefox]]>
              </value>
            </param>
          </params>
          <reporter-output>
          </reporter-output>
        </test-method> <!-- setUp -->
        <test-method signature="userLogin()[pri:0, instance:testClass.TC01_VerifyLoginUserSauceDemo@e15b7e8]" started-at="2022-08-09T12:56:38 IST" name="userLogin" finished-at="2022-08-09T12:56:38 IST" duration-ms="6" status="PASS">
          <reporter-output>
          </reporter-output>
        </test-method> <!-- userLogin -->
        <test-method is-config="true" signature="tearDrop()[pri:0, instance:testClass.TC01_VerifyLoginUserSauceDemo@e15b7e8]" started-at="2022-08-09T12:56:38 IST" name="tearDrop" finished-at="2022-08-09T12:56:39 IST" duration-ms="893" status="PASS">
          <reporter-output>
          </reporter-output>
        </test-method> <!-- tearDrop -->
      </class> <!-- testClass.TC01_VerifyLoginUserSauceDemo -->
    </test> <!-- Test1 -->
  </suite> <!-- Suite -->
</testng-results>
